<?xml version="1.0" encoding="UTF-8" ?>
<testsuites>
  <testsuite errors="0" failures="12" hostname="alemarra-DeskLinux" id="0" name="grade student" package="" tests="12" time="0.361" timestamp="2013-05-23T13:09:00">
      <properties />

      <testcase classname="grails.plugin.cucumber.CucumberTest" name="Submited code is still private" time="0.046">
          <failure message="Undefined Step: Given I&apos;m in my home page" type="grails.plugin.cucumber.FakeAssertionFailedError">cucumber.runtime.UndefinedStepException: Undefined Step: Given I&apos;m in my home page
	at grails.plugin.cucumber.CucumberFormatter.resultUndefined(CucumberFormatter.groovy:242)
	at grails.plugin.cucumber.CucumberFormatter.result(CucumberFormatter.groovy:207)
	at cucumber.runtime.Runtime.runStep(Runtime.java:250)
	at cucumber.runtime.model.StepContainer.runStep(StepContainer.java:44)
	at cucumber.runtime.model.StepContainer.runSteps(StepContainer.java:39)
	at cucumber.runtime.model.CucumberScenario.run(CucumberScenario.java:36)
	at cucumber.runtime.model.CucumberFeature.run(CucumberFeature.java:112)
	at grails.plugin.cucumber.Cucumber$_run_closure2.doCall(Cucumber.groovy:58)
	at grails.plugin.cucumber.Cucumber.run(Cucumber.groovy:57)
	at grails.plugin.cucumber.CucumberTestType.runFeatures(CucumberTestType.groovy:102)
	at grails.plugin.cucumber.CucumberTestType.doRun(CucumberTestType.groovy:57)
</failure>

          <failure message="Undefined Step: And the class project already started" type="grails.plugin.cucumber.FakeAssertionFailedError">cucumber.runtime.UndefinedStepException: Undefined Step: And the class project already started
	at grails.plugin.cucumber.CucumberFormatter.resultUndefined(CucumberFormatter.groovy:242)
	at grails.plugin.cucumber.CucumberFormatter.result(CucumberFormatter.groovy:207)
	at cucumber.runtime.Runtime.runStep(Runtime.java:250)
	at cucumber.runtime.model.StepContainer.runStep(StepContainer.java:44)
	at cucumber.runtime.model.StepContainer.runSteps(StepContainer.java:39)
	at cucumber.runtime.model.CucumberScenario.run(CucumberScenario.java:36)
	at cucumber.runtime.model.CucumberFeature.run(CucumberFeature.java:112)
	at grails.plugin.cucumber.Cucumber$_run_closure2.doCall(Cucumber.groovy:58)
	at grails.plugin.cucumber.Cucumber.run(Cucumber.groovy:57)
	at grails.plugin.cucumber.CucumberTestType.runFeatures(CucumberTestType.groovy:102)
	at grails.plugin.cucumber.CucumberTestType.doRun(CucumberTestType.groovy:57)
</failure>

          <failure message="Undefined Step: When Students submit code" type="grails.plugin.cucumber.FakeAssertionFailedError">cucumber.runtime.UndefinedStepException: Undefined Step: When Students submit code
	at grails.plugin.cucumber.CucumberFormatter.resultUndefined(CucumberFormatter.groovy:242)
	at grails.plugin.cucumber.CucumberFormatter.result(CucumberFormatter.groovy:207)
	at cucumber.runtime.Runtime.runStep(Runtime.java:250)
	at cucumber.runtime.model.StepContainer.runStep(StepContainer.java:44)
	at cucumber.runtime.model.StepContainer.runSteps(StepContainer.java:39)
	at cucumber.runtime.model.CucumberScenario.run(CucumberScenario.java:36)
	at cucumber.runtime.model.CucumberFeature.run(CucumberFeature.java:112)
	at grails.plugin.cucumber.Cucumber$_run_closure2.doCall(Cucumber.groovy:58)
	at grails.plugin.cucumber.Cucumber.run(Cucumber.groovy:57)
	at grails.plugin.cucumber.CucumberTestType.runFeatures(CucumberTestType.groovy:102)
	at grails.plugin.cucumber.CucumberTestType.doRun(CucumberTestType.groovy:57)
</failure>

          <failure message="Undefined Step: Then Only me and my assistants can see the code" type="grails.plugin.cucumber.FakeAssertionFailedError">cucumber.runtime.UndefinedStepException: Undefined Step: Then Only me and my assistants can see the code
	at grails.plugin.cucumber.CucumberFormatter.resultUndefined(CucumberFormatter.groovy:242)
	at grails.plugin.cucumber.CucumberFormatter.result(CucumberFormatter.groovy:207)
	at cucumber.runtime.Runtime.runStep(Runtime.java:250)
	at cucumber.runtime.model.StepContainer.runStep(StepContainer.java:44)
	at cucumber.runtime.model.StepContainer.runSteps(StepContainer.java:39)
	at cucumber.runtime.model.CucumberScenario.run(CucumberScenario.java:36)
	at cucumber.runtime.model.CucumberFeature.run(CucumberFeature.java:112)
	at grails.plugin.cucumber.Cucumber$_run_closure2.doCall(Cucumber.groovy:58)
	at grails.plugin.cucumber.Cucumber.run(Cucumber.groovy:57)
	at grails.plugin.cucumber.CucumberTestType.runFeatures(CucumberTestType.groovy:102)
	at grails.plugin.cucumber.CucumberTestType.doRun(CucumberTestType.groovy:57)
</failure>

      </testcase>

      <testcase classname="grails.plugin.cucumber.CucumberTest" name="" time="0.205">
          <failure message="Undefined Step: Given Only I can see everyones code" type="grails.plugin.cucumber.FakeAssertionFailedError">cucumber.runtime.UndefinedStepException: Undefined Step: Given Only I can see everyones code
	at grails.plugin.cucumber.CucumberFormatter.resultUndefined(CucumberFormatter.groovy:242)
	at grails.plugin.cucumber.CucumberFormatter.result(CucumberFormatter.groovy:207)
	at cucumber.runtime.Runtime.runStep(Runtime.java:250)
	at cucumber.runtime.model.StepContainer.runStep(StepContainer.java:44)
	at cucumber.runtime.model.StepContainer.runSteps(StepContainer.java:39)
	at cucumber.runtime.model.CucumberScenario.run(CucumberScenario.java:36)
	at cucumber.runtime.model.CucumberFeature.run(CucumberFeature.java:112)
	at grails.plugin.cucumber.Cucumber$_run_closure2.doCall(Cucumber.groovy:58)
	at grails.plugin.cucumber.Cucumber.run(Cucumber.groovy:57)
	at grails.plugin.cucumber.CucumberTestType.runFeatures(CucumberTestType.groovy:102)
	at grails.plugin.cucumber.CucumberTestType.doRun(CucumberTestType.groovy:57)
</failure>

          <failure message="Undefined Step: And Student already started the project" type="grails.plugin.cucumber.FakeAssertionFailedError">cucumber.runtime.UndefinedStepException: Undefined Step: And Student already started the project
	at grails.plugin.cucumber.CucumberFormatter.resultUndefined(CucumberFormatter.groovy:242)
	at grails.plugin.cucumber.CucumberFormatter.result(CucumberFormatter.groovy:207)
	at cucumber.runtime.Runtime.runStep(Runtime.java:250)
	at cucumber.runtime.model.StepContainer.runStep(StepContainer.java:44)
	at cucumber.runtime.model.StepContainer.runSteps(StepContainer.java:39)
	at cucumber.runtime.model.CucumberScenario.run(CucumberScenario.java:36)
	at cucumber.runtime.model.CucumberFeature.run(CucumberFeature.java:112)
	at grails.plugin.cucumber.Cucumber$_run_closure2.doCall(Cucumber.groovy:58)
	at grails.plugin.cucumber.Cucumber.run(Cucumber.groovy:57)
	at grails.plugin.cucumber.CucumberTestType.runFeatures(CucumberTestType.groovy:102)
	at grails.plugin.cucumber.CucumberTestType.doRun(CucumberTestType.groovy:57)
</failure>

          <failure message="Undefined Step: When Students flags it as finished" type="grails.plugin.cucumber.FakeAssertionFailedError">cucumber.runtime.UndefinedStepException: Undefined Step: When Students flags it as finished
	at grails.plugin.cucumber.CucumberFormatter.resultUndefined(CucumberFormatter.groovy:242)
	at grails.plugin.cucumber.CucumberFormatter.result(CucumberFormatter.groovy:207)
	at cucumber.runtime.Runtime.runStep(Runtime.java:250)
	at cucumber.runtime.model.StepContainer.runStep(StepContainer.java:44)
	at cucumber.runtime.model.StepContainer.runSteps(StepContainer.java:39)
	at cucumber.runtime.model.CucumberScenario.run(CucumberScenario.java:36)
	at cucumber.runtime.model.CucumberFeature.run(CucumberFeature.java:112)
	at grails.plugin.cucumber.Cucumber$_run_closure2.doCall(Cucumber.groovy:58)
	at grails.plugin.cucumber.Cucumber.run(Cucumber.groovy:57)
	at grails.plugin.cucumber.CucumberTestType.runFeatures(CucumberTestType.groovy:102)
	at grails.plugin.cucumber.CucumberTestType.doRun(CucumberTestType.groovy:57)
</failure>

          <failure message="Undefined Step: Then a message should arrive to me and my assistants updates page" type="grails.plugin.cucumber.FakeAssertionFailedError">cucumber.runtime.UndefinedStepException: Undefined Step: Then a message should arrive to me and my assistants updates page
	at grails.plugin.cucumber.CucumberFormatter.resultUndefined(CucumberFormatter.groovy:242)
	at grails.plugin.cucumber.CucumberFormatter.result(CucumberFormatter.groovy:207)
	at cucumber.runtime.Runtime.runStep(Runtime.java:250)
	at cucumber.runtime.model.StepContainer.runStep(StepContainer.java:44)
	at cucumber.runtime.model.StepContainer.runSteps(StepContainer.java:39)
	at cucumber.runtime.model.CucumberScenario.run(CucumberScenario.java:36)
	at cucumber.runtime.model.CucumberFeature.run(CucumberFeature.java:112)
	at grails.plugin.cucumber.Cucumber$_run_closure2.doCall(Cucumber.groovy:58)
	at grails.plugin.cucumber.Cucumber.run(Cucumber.groovy:57)
	at grails.plugin.cucumber.CucumberTestType.runFeatures(CucumberTestType.groovy:102)
	at grails.plugin.cucumber.CucumberTestType.doRun(CucumberTestType.groovy:57)
</failure>

          <failure message="Undefined Step: And a proposed grade based on finishing time should be presented" type="grails.plugin.cucumber.FakeAssertionFailedError">cucumber.runtime.UndefinedStepException: Undefined Step: And a proposed grade based on finishing time should be presented
	at grails.plugin.cucumber.CucumberFormatter.resultUndefined(CucumberFormatter.groovy:242)
	at grails.plugin.cucumber.CucumberFormatter.result(CucumberFormatter.groovy:207)
	at cucumber.runtime.Runtime.runStep(Runtime.java:250)
	at cucumber.runtime.model.StepContainer.runStep(StepContainer.java:44)
	at cucumber.runtime.model.StepContainer.runSteps(StepContainer.java:39)
	at cucumber.runtime.model.CucumberScenario.run(CucumberScenario.java:36)
	at cucumber.runtime.model.CucumberFeature.run(CucumberFeature.java:112)
	at grails.plugin.cucumber.Cucumber$_run_closure2.doCall(Cucumber.groovy:58)
	at grails.plugin.cucumber.Cucumber.run(Cucumber.groovy:57)
	at grails.plugin.cucumber.CucumberTestType.runFeatures(CucumberTestType.groovy:102)
	at grails.plugin.cucumber.CucumberTestType.doRun(CucumberTestType.groovy:57)
</failure>

      </testcase>

      <testcase classname="grails.plugin.cucumber.CucumberTest" name="Studen flags code as finished" time="0.016">
          <failure message="Undefined Step: Given Deadline not met yet" type="grails.plugin.cucumber.FakeAssertionFailedError">cucumber.runtime.UndefinedStepException: Undefined Step: Given Deadline not met yet
	at grails.plugin.cucumber.CucumberFormatter.resultUndefined(CucumberFormatter.groovy:242)
	at grails.plugin.cucumber.CucumberFormatter.result(CucumberFormatter.groovy:207)
	at cucumber.runtime.Runtime.runStep(Runtime.java:250)
	at cucumber.runtime.model.StepContainer.runStep(StepContainer.java:44)
	at cucumber.runtime.model.StepContainer.runSteps(StepContainer.java:39)
	at cucumber.runtime.model.CucumberScenario.run(CucumberScenario.java:36)
	at cucumber.runtime.model.CucumberFeature.run(CucumberFeature.java:112)
	at grails.plugin.cucumber.Cucumber$_run_closure2.doCall(Cucumber.groovy:58)
	at grails.plugin.cucumber.Cucumber.run(Cucumber.groovy:57)
	at grails.plugin.cucumber.CucumberTestType.runFeatures(CucumberTestType.groovy:102)
	at grails.plugin.cucumber.CucumberTestType.doRun(CucumberTestType.groovy:57)
</failure>

          <failure message="Undefined Step: And Code is still private" type="grails.plugin.cucumber.FakeAssertionFailedError">cucumber.runtime.UndefinedStepException: Undefined Step: And Code is still private
	at grails.plugin.cucumber.CucumberFormatter.resultUndefined(CucumberFormatter.groovy:242)
	at grails.plugin.cucumber.CucumberFormatter.result(CucumberFormatter.groovy:207)
	at cucumber.runtime.Runtime.runStep(Runtime.java:250)
	at cucumber.runtime.model.StepContainer.runStep(StepContainer.java:44)
	at cucumber.runtime.model.StepContainer.runSteps(StepContainer.java:39)
	at cucumber.runtime.model.CucumberScenario.run(CucumberScenario.java:36)
	at cucumber.runtime.model.CucumberFeature.run(CucumberFeature.java:112)
	at grails.plugin.cucumber.Cucumber$_run_closure2.doCall(Cucumber.groovy:58)
	at grails.plugin.cucumber.Cucumber.run(Cucumber.groovy:57)
	at grails.plugin.cucumber.CucumberTestType.runFeatures(CucumberTestType.groovy:102)
	at grails.plugin.cucumber.CucumberTestType.doRun(CucumberTestType.groovy:57)
</failure>

          <failure message="Undefined Step: When Me and my assistants recieve a notification message" type="grails.plugin.cucumber.FakeAssertionFailedError">cucumber.runtime.UndefinedStepException: Undefined Step: When Me and my assistants recieve a notification message
	at grails.plugin.cucumber.CucumberFormatter.resultUndefined(CucumberFormatter.groovy:242)
	at grails.plugin.cucumber.CucumberFormatter.result(CucumberFormatter.groovy:207)
	at cucumber.runtime.Runtime.runStep(Runtime.java:250)
	at cucumber.runtime.model.StepContainer.runStep(StepContainer.java:44)
	at cucumber.runtime.model.StepContainer.runSteps(StepContainer.java:39)
	at cucumber.runtime.model.CucumberScenario.run(CucumberScenario.java:36)
	at cucumber.runtime.model.CucumberFeature.run(CucumberFeature.java:112)
	at grails.plugin.cucumber.Cucumber$_run_closure2.doCall(Cucumber.groovy:58)
	at grails.plugin.cucumber.Cucumber.run(Cucumber.groovy:57)
	at grails.plugin.cucumber.CucumberTestType.runFeatures(CucumberTestType.groovy:102)
	at grails.plugin.cucumber.CucumberTestType.doRun(CucumberTestType.groovy:57)
</failure>

          <failure message="Undefined Step: Then A link should lead me to the submited code page" type="grails.plugin.cucumber.FakeAssertionFailedError">cucumber.runtime.UndefinedStepException: Undefined Step: Then A link should lead me to the submited code page
	at grails.plugin.cucumber.CucumberFormatter.resultUndefined(CucumberFormatter.groovy:242)
	at grails.plugin.cucumber.CucumberFormatter.result(CucumberFormatter.groovy:207)
	at cucumber.runtime.Runtime.runStep(Runtime.java:250)
	at cucumber.runtime.model.StepContainer.runStep(StepContainer.java:44)
	at cucumber.runtime.model.StepContainer.runSteps(StepContainer.java:39)
	at cucumber.runtime.model.CucumberScenario.run(CucumberScenario.java:36)
	at cucumber.runtime.model.CucumberFeature.run(CucumberFeature.java:112)
	at grails.plugin.cucumber.Cucumber$_run_closure2.doCall(Cucumber.groovy:58)
	at grails.plugin.cucumber.Cucumber.run(Cucumber.groovy:57)
	at grails.plugin.cucumber.CucumberTestType.runFeatures(CucumberTestType.groovy:102)
	at grails.plugin.cucumber.CucumberTestType.doRun(CucumberTestType.groovy:57)
</failure>

          <failure message="Undefined Step: And A grading field based on quality should be enabled." type="grails.plugin.cucumber.FakeAssertionFailedError">cucumber.runtime.UndefinedStepException: Undefined Step: And A grading field based on quality should be enabled.
	at grails.plugin.cucumber.CucumberFormatter.resultUndefined(CucumberFormatter.groovy:242)
	at grails.plugin.cucumber.CucumberFormatter.result(CucumberFormatter.groovy:207)
	at cucumber.runtime.Runtime.runStep(Runtime.java:250)
	at cucumber.runtime.model.StepContainer.runStep(StepContainer.java:44)
	at cucumber.runtime.model.StepContainer.runSteps(StepContainer.java:39)
	at cucumber.runtime.model.CucumberScenario.run(CucumberScenario.java:36)
	at cucumber.runtime.model.CucumberFeature.run(CucumberFeature.java:112)
	at grails.plugin.cucumber.Cucumber$_run_closure2.doCall(Cucumber.groovy:58)
	at grails.plugin.cucumber.Cucumber.run(Cucumber.groovy:57)
	at grails.plugin.cucumber.CucumberTestType.runFeatures(CucumberTestType.groovy:102)
	at grails.plugin.cucumber.CucumberTestType.doRun(CucumberTestType.groovy:57)
</failure>

      </testcase>

      <testcase classname="grails.plugin.cucumber.CucumberTest" name="Estipulated deadline met" time="0.012">
          <failure message="Undefined Step: Given not all the students finished their project" type="grails.plugin.cucumber.FakeAssertionFailedError">cucumber.runtime.UndefinedStepException: Undefined Step: Given not all the students finished their project
	at grails.plugin.cucumber.CucumberFormatter.resultUndefined(CucumberFormatter.groovy:242)
	at grails.plugin.cucumber.CucumberFormatter.result(CucumberFormatter.groovy:207)
	at cucumber.runtime.Runtime.runStep(Runtime.java:250)
	at cucumber.runtime.model.StepContainer.runStep(StepContainer.java:44)
	at cucumber.runtime.model.StepContainer.runSteps(StepContainer.java:39)
	at cucumber.runtime.model.CucumberScenario.run(CucumberScenario.java:36)
	at cucumber.runtime.model.CucumberFeature.run(CucumberFeature.java:112)
	at grails.plugin.cucumber.Cucumber$_run_closure2.doCall(Cucumber.groovy:58)
	at grails.plugin.cucumber.Cucumber.run(Cucumber.groovy:57)
	at grails.plugin.cucumber.CucumberTestType.runFeatures(CucumberTestType.groovy:102)
	at grails.plugin.cucumber.CucumberTestType.doRun(CucumberTestType.groovy:57)
</failure>

          <failure message="Undefined Step: When deadline hour for this project arrives" type="grails.plugin.cucumber.FakeAssertionFailedError">cucumber.runtime.UndefinedStepException: Undefined Step: When deadline hour for this project arrives
	at grails.plugin.cucumber.CucumberFormatter.resultUndefined(CucumberFormatter.groovy:242)
	at grails.plugin.cucumber.CucumberFormatter.result(CucumberFormatter.groovy:207)
	at cucumber.runtime.Runtime.runStep(Runtime.java:250)
	at cucumber.runtime.model.StepContainer.runStep(StepContainer.java:44)
	at cucumber.runtime.model.StepContainer.runSteps(StepContainer.java:39)
	at cucumber.runtime.model.CucumberScenario.run(CucumberScenario.java:36)
	at cucumber.runtime.model.CucumberFeature.run(CucumberFeature.java:112)
	at grails.plugin.cucumber.Cucumber$_run_closure2.doCall(Cucumber.groovy:58)
	at grails.plugin.cucumber.Cucumber.run(Cucumber.groovy:57)
	at grails.plugin.cucumber.CucumberTestType.runFeatures(CucumberTestType.groovy:102)
	at grails.plugin.cucumber.CucumberTestType.doRun(CucumberTestType.groovy:57)
</failure>

          <failure message="Undefined Step: Then all projects get closed" type="grails.plugin.cucumber.FakeAssertionFailedError">cucumber.runtime.UndefinedStepException: Undefined Step: Then all projects get closed
	at grails.plugin.cucumber.CucumberFormatter.resultUndefined(CucumberFormatter.groovy:242)
	at grails.plugin.cucumber.CucumberFormatter.result(CucumberFormatter.groovy:207)
	at cucumber.runtime.Runtime.runStep(Runtime.java:250)
	at cucumber.runtime.model.StepContainer.runStep(StepContainer.java:44)
	at cucumber.runtime.model.StepContainer.runSteps(StepContainer.java:39)
	at cucumber.runtime.model.CucumberScenario.run(CucumberScenario.java:36)
	at cucumber.runtime.model.CucumberFeature.run(CucumberFeature.java:112)
	at grails.plugin.cucumber.Cucumber$_run_closure2.doCall(Cucumber.groovy:58)
	at grails.plugin.cucumber.Cucumber.run(Cucumber.groovy:57)
	at grails.plugin.cucumber.CucumberTestType.runFeatures(CucumberTestType.groovy:102)
	at grails.plugin.cucumber.CucumberTestType.doRun(CucumberTestType.groovy:57)
</failure>

          <failure message="Undefined Step: And no other submition is allowed" type="grails.plugin.cucumber.FakeAssertionFailedError">cucumber.runtime.UndefinedStepException: Undefined Step: And no other submition is allowed
	at grails.plugin.cucumber.CucumberFormatter.resultUndefined(CucumberFormatter.groovy:242)
	at grails.plugin.cucumber.CucumberFormatter.result(CucumberFormatter.groovy:207)
	at cucumber.runtime.Runtime.runStep(Runtime.java:250)
	at cucumber.runtime.model.StepContainer.runStep(StepContainer.java:44)
	at cucumber.runtime.model.StepContainer.runSteps(StepContainer.java:39)
	at cucumber.runtime.model.CucumberScenario.run(CucumberScenario.java:36)
	at cucumber.runtime.model.CucumberFeature.run(CucumberFeature.java:112)
	at grails.plugin.cucumber.Cucumber$_run_closure2.doCall(Cucumber.groovy:58)
	at grails.plugin.cucumber.Cucumber.run(Cucumber.groovy:57)
	at grails.plugin.cucumber.CucumberTestType.runFeatures(CucumberTestType.groovy:102)
	at grails.plugin.cucumber.CucumberTestType.doRun(CucumberTestType.groovy:57)
</failure>

      </testcase>

      <testcase classname="grails.plugin.cucumber.CucumberTest" name="First stage completed" time="0.007">
          <failure message="Undefined Step: Given Deadline was met" type="grails.plugin.cucumber.FakeAssertionFailedError">cucumber.runtime.UndefinedStepException: Undefined Step: Given Deadline was met
	at grails.plugin.cucumber.CucumberFormatter.resultUndefined(CucumberFormatter.groovy:242)
	at grails.plugin.cucumber.CucumberFormatter.result(CucumberFormatter.groovy:207)
	at cucumber.runtime.Runtime.runStep(Runtime.java:250)
	at cucumber.runtime.model.StepContainer.runStep(StepContainer.java:44)
	at cucumber.runtime.model.StepContainer.runSteps(StepContainer.java:39)
	at cucumber.runtime.model.CucumberScenario.run(CucumberScenario.java:36)
	at cucumber.runtime.model.CucumberFeature.run(CucumberFeature.java:112)
	at grails.plugin.cucumber.Cucumber$_run_closure2.doCall(Cucumber.groovy:58)
	at grails.plugin.cucumber.Cucumber.run(Cucumber.groovy:57)
	at grails.plugin.cucumber.CucumberTestType.runFeatures(CucumberTestType.groovy:102)
	at grails.plugin.cucumber.CucumberTestType.doRun(CucumberTestType.groovy:57)
</failure>

          <failure message="Undefined Step: When Projects get closed for submitions" type="grails.plugin.cucumber.FakeAssertionFailedError">cucumber.runtime.UndefinedStepException: Undefined Step: When Projects get closed for submitions
	at grails.plugin.cucumber.CucumberFormatter.resultUndefined(CucumberFormatter.groovy:242)
	at grails.plugin.cucumber.CucumberFormatter.result(CucumberFormatter.groovy:207)
	at cucumber.runtime.Runtime.runStep(Runtime.java:250)
	at cucumber.runtime.model.StepContainer.runStep(StepContainer.java:44)
	at cucumber.runtime.model.StepContainer.runSteps(StepContainer.java:39)
	at cucumber.runtime.model.CucumberScenario.run(CucumberScenario.java:36)
	at cucumber.runtime.model.CucumberFeature.run(CucumberFeature.java:112)
	at grails.plugin.cucumber.Cucumber$_run_closure2.doCall(Cucumber.groovy:58)
	at grails.plugin.cucumber.Cucumber.run(Cucumber.groovy:57)
	at grails.plugin.cucumber.CucumberTestType.runFeatures(CucumberTestType.groovy:102)
	at grails.plugin.cucumber.CucumberTestType.doRun(CucumberTestType.groovy:57)
</failure>

          <failure message="Undefined Step: Then all projects became public for peer review" type="grails.plugin.cucumber.FakeAssertionFailedError">cucumber.runtime.UndefinedStepException: Undefined Step: Then all projects became public for peer review
	at grails.plugin.cucumber.CucumberFormatter.resultUndefined(CucumberFormatter.groovy:242)
	at grails.plugin.cucumber.CucumberFormatter.result(CucumberFormatter.groovy:207)
	at cucumber.runtime.Runtime.runStep(Runtime.java:250)
	at cucumber.runtime.model.StepContainer.runStep(StepContainer.java:44)
	at cucumber.runtime.model.StepContainer.runSteps(StepContainer.java:39)
	at cucumber.runtime.model.CucumberScenario.run(CucumberScenario.java:36)
	at cucumber.runtime.model.CucumberFeature.run(CucumberFeature.java:112)
	at grails.plugin.cucumber.Cucumber$_run_closure2.doCall(Cucumber.groovy:58)
	at grails.plugin.cucumber.Cucumber.run(Cucumber.groovy:57)
	at grails.plugin.cucumber.CucumberTestType.runFeatures(CucumberTestType.groovy:102)
	at grails.plugin.cucumber.CucumberTestType.doRun(CucumberTestType.groovy:57)
</failure>

      </testcase>

      <testcase classname="grails.plugin.cucumber.CucumberTest" name="Peer Review enabled" time="0.006">
          <failure message="Undefined Step: Given Every student can see its classmates code" type="grails.plugin.cucumber.FakeAssertionFailedError">cucumber.runtime.UndefinedStepException: Undefined Step: Given Every student can see its classmates code
	at grails.plugin.cucumber.CucumberFormatter.resultUndefined(CucumberFormatter.groovy:242)
	at grails.plugin.cucumber.CucumberFormatter.result(CucumberFormatter.groovy:207)
	at cucumber.runtime.Runtime.runStep(Runtime.java:250)
	at cucumber.runtime.model.StepContainer.runStep(StepContainer.java:44)
	at cucumber.runtime.model.StepContainer.runSteps(StepContainer.java:39)
	at cucumber.runtime.model.CucumberScenario.run(CucumberScenario.java:36)
	at cucumber.runtime.model.CucumberFeature.run(CucumberFeature.java:112)
	at grails.plugin.cucumber.Cucumber$_run_closure2.doCall(Cucumber.groovy:58)
	at grails.plugin.cucumber.Cucumber.run(Cucumber.groovy:57)
	at grails.plugin.cucumber.CucumberTestType.runFeatures(CucumberTestType.groovy:102)
	at grails.plugin.cucumber.CucumberTestType.doRun(CucumberTestType.groovy:57)
</failure>

          <failure message="Undefined Step: When one students grades somebody else&apos;s code" type="grails.plugin.cucumber.FakeAssertionFailedError">cucumber.runtime.UndefinedStepException: Undefined Step: When one students grades somebody else&apos;s code
	at grails.plugin.cucumber.CucumberFormatter.resultUndefined(CucumberFormatter.groovy:242)
	at grails.plugin.cucumber.CucumberFormatter.result(CucumberFormatter.groovy:207)
	at cucumber.runtime.Runtime.runStep(Runtime.java:250)
	at cucumber.runtime.model.StepContainer.runStep(StepContainer.java:44)
	at cucumber.runtime.model.StepContainer.runSteps(StepContainer.java:39)
	at cucumber.runtime.model.CucumberScenario.run(CucumberScenario.java:36)
	at cucumber.runtime.model.CucumberFeature.run(CucumberFeature.java:112)
	at grails.plugin.cucumber.Cucumber$_run_closure2.doCall(Cucumber.groovy:58)
	at grails.plugin.cucumber.Cucumber.run(Cucumber.groovy:57)
	at grails.plugin.cucumber.CucumberTestType.runFeatures(CucumberTestType.groovy:102)
	at grails.plugin.cucumber.CucumberTestType.doRun(CucumberTestType.groovy:57)
</failure>

          <failure message="Undefined Step: Then ponderated grade is calculated based on the grader category." type="grails.plugin.cucumber.FakeAssertionFailedError">cucumber.runtime.UndefinedStepException: Undefined Step: Then ponderated grade is calculated based on the grader category.
	at grails.plugin.cucumber.CucumberFormatter.resultUndefined(CucumberFormatter.groovy:242)
	at grails.plugin.cucumber.CucumberFormatter.result(CucumberFormatter.groovy:207)
	at cucumber.runtime.Runtime.runStep(Runtime.java:250)
	at cucumber.runtime.model.StepContainer.runStep(StepContainer.java:44)
	at cucumber.runtime.model.StepContainer.runSteps(StepContainer.java:39)
	at cucumber.runtime.model.CucumberScenario.run(CucumberScenario.java:36)
	at cucumber.runtime.model.CucumberFeature.run(CucumberFeature.java:112)
	at grails.plugin.cucumber.Cucumber$_run_closure2.doCall(Cucumber.groovy:58)
	at grails.plugin.cucumber.Cucumber.run(Cucumber.groovy:57)
	at grails.plugin.cucumber.CucumberTestType.runFeatures(CucumberTestType.groovy:102)
	at grails.plugin.cucumber.CucumberTestType.doRun(CucumberTestType.groovy:57)
</failure>

      </testcase>

      <testcase classname="grails.plugin.cucumber.CucumberTest" name="Peer grade submitted" time="0.006">
          <failure message="Undefined Step: Given Student graded peer&apos;s code" type="grails.plugin.cucumber.FakeAssertionFailedError">cucumber.runtime.UndefinedStepException: Undefined Step: Given Student graded peer&apos;s code
	at grails.plugin.cucumber.CucumberFormatter.resultUndefined(CucumberFormatter.groovy:242)
	at grails.plugin.cucumber.CucumberFormatter.result(CucumberFormatter.groovy:207)
	at cucumber.runtime.Runtime.runStep(Runtime.java:250)
	at cucumber.runtime.model.StepContainer.runStep(StepContainer.java:44)
	at cucumber.runtime.model.StepContainer.runSteps(StepContainer.java:39)
	at cucumber.runtime.model.CucumberScenario.run(CucumberScenario.java:36)
	at cucumber.runtime.model.CucumberFeature.run(CucumberFeature.java:112)
	at grails.plugin.cucumber.Cucumber$_run_closure2.doCall(Cucumber.groovy:58)
	at grails.plugin.cucumber.Cucumber.run(Cucumber.groovy:57)
	at grails.plugin.cucumber.CucumberTestType.runFeatures(CucumberTestType.groovy:102)
	at grails.plugin.cucumber.CucumberTestType.doRun(CucumberTestType.groovy:57)
</failure>

          <failure message="Undefined Step: When grade is ready to be public" type="grails.plugin.cucumber.FakeAssertionFailedError">cucumber.runtime.UndefinedStepException: Undefined Step: When grade is ready to be public
	at grails.plugin.cucumber.CucumberFormatter.resultUndefined(CucumberFormatter.groovy:242)
	at grails.plugin.cucumber.CucumberFormatter.result(CucumberFormatter.groovy:207)
	at cucumber.runtime.Runtime.runStep(Runtime.java:250)
	at cucumber.runtime.model.StepContainer.runStep(StepContainer.java:44)
	at cucumber.runtime.model.StepContainer.runSteps(StepContainer.java:39)
	at cucumber.runtime.model.CucumberScenario.run(CucumberScenario.java:36)
	at cucumber.runtime.model.CucumberFeature.run(CucumberFeature.java:112)
	at grails.plugin.cucumber.Cucumber$_run_closure2.doCall(Cucumber.groovy:58)
	at grails.plugin.cucumber.Cucumber.run(Cucumber.groovy:57)
	at grails.plugin.cucumber.CucumberTestType.runFeatures(CucumberTestType.groovy:102)
	at grails.plugin.cucumber.CucumberTestType.doRun(CucumberTestType.groovy:57)
</failure>

          <failure message="Undefined Step: Then grader can add comments in Justification textBox" type="grails.plugin.cucumber.FakeAssertionFailedError">cucumber.runtime.UndefinedStepException: Undefined Step: Then grader can add comments in Justification textBox
	at grails.plugin.cucumber.CucumberFormatter.resultUndefined(CucumberFormatter.groovy:242)
	at grails.plugin.cucumber.CucumberFormatter.result(CucumberFormatter.groovy:207)
	at cucumber.runtime.Runtime.runStep(Runtime.java:250)
	at cucumber.runtime.model.StepContainer.runStep(StepContainer.java:44)
	at cucumber.runtime.model.StepContainer.runSteps(StepContainer.java:39)
	at cucumber.runtime.model.CucumberScenario.run(CucumberScenario.java:36)
	at cucumber.runtime.model.CucumberFeature.run(CucumberFeature.java:112)
	at grails.plugin.cucumber.Cucumber$_run_closure2.doCall(Cucumber.groovy:58)
	at grails.plugin.cucumber.Cucumber.run(Cucumber.groovy:57)
	at grails.plugin.cucumber.CucumberTestType.runFeatures(CucumberTestType.groovy:102)
	at grails.plugin.cucumber.CucumberTestType.doRun(CucumberTestType.groovy:57)
</failure>

      </testcase>

      <testcase classname="grails.plugin.cucumber.CucumberTest" name="Peer graded Peer" time="0.007">
          <failure message="Undefined Step: Given A peer grade was made public" type="grails.plugin.cucumber.FakeAssertionFailedError">cucumber.runtime.UndefinedStepException: Undefined Step: Given A peer grade was made public
	at grails.plugin.cucumber.CucumberFormatter.resultUndefined(CucumberFormatter.groovy:242)
	at grails.plugin.cucumber.CucumberFormatter.result(CucumberFormatter.groovy:207)
	at cucumber.runtime.Runtime.runStep(Runtime.java:250)
	at cucumber.runtime.model.StepContainer.runStep(StepContainer.java:44)
	at cucumber.runtime.model.StepContainer.runSteps(StepContainer.java:39)
	at cucumber.runtime.model.CucumberScenario.run(CucumberScenario.java:36)
	at cucumber.runtime.model.CucumberFeature.run(CucumberFeature.java:112)
	at grails.plugin.cucumber.Cucumber$_run_closure2.doCall(Cucumber.groovy:58)
	at grails.plugin.cucumber.Cucumber.run(Cucumber.groovy:57)
	at grails.plugin.cucumber.CucumberTestType.runFeatures(CucumberTestType.groovy:102)
	at grails.plugin.cucumber.CucumberTestType.doRun(CucumberTestType.groovy:57)
</failure>

          <failure message="Undefined Step: When the submitter confirms it" type="grails.plugin.cucumber.FakeAssertionFailedError">cucumber.runtime.UndefinedStepException: Undefined Step: When the submitter confirms it
	at grails.plugin.cucumber.CucumberFormatter.resultUndefined(CucumberFormatter.groovy:242)
	at grails.plugin.cucumber.CucumberFormatter.result(CucumberFormatter.groovy:207)
	at cucumber.runtime.Runtime.runStep(Runtime.java:250)
	at cucumber.runtime.model.StepContainer.runStep(StepContainer.java:44)
	at cucumber.runtime.model.StepContainer.runSteps(StepContainer.java:39)
	at cucumber.runtime.model.CucumberScenario.run(CucumberScenario.java:36)
	at cucumber.runtime.model.CucumberFeature.run(CucumberFeature.java:112)
	at grails.plugin.cucumber.Cucumber$_run_closure2.doCall(Cucumber.groovy:58)
	at grails.plugin.cucumber.Cucumber.run(Cucumber.groovy:57)
	at grails.plugin.cucumber.CucumberTestType.runFeatures(CucumberTestType.groovy:102)
	at grails.plugin.cucumber.CucumberTestType.doRun(CucumberTestType.groovy:57)
</failure>

          <failure message="Undefined Step: Then Justification may be asked by code owner" type="grails.plugin.cucumber.FakeAssertionFailedError">cucumber.runtime.UndefinedStepException: Undefined Step: Then Justification may be asked by code owner
	at grails.plugin.cucumber.CucumberFormatter.resultUndefined(CucumberFormatter.groovy:242)
	at grails.plugin.cucumber.CucumberFormatter.result(CucumberFormatter.groovy:207)
	at cucumber.runtime.Runtime.runStep(Runtime.java:250)
	at cucumber.runtime.model.StepContainer.runStep(StepContainer.java:44)
	at cucumber.runtime.model.StepContainer.runSteps(StepContainer.java:39)
	at cucumber.runtime.model.CucumberScenario.run(CucumberScenario.java:36)
	at cucumber.runtime.model.CucumberFeature.run(CucumberFeature.java:112)
	at grails.plugin.cucumber.Cucumber$_run_closure2.doCall(Cucumber.groovy:58)
	at grails.plugin.cucumber.Cucumber.run(Cucumber.groovy:57)
	at grails.plugin.cucumber.CucumberTestType.runFeatures(CucumberTestType.groovy:102)
	at grails.plugin.cucumber.CucumberTestType.doRun(CucumberTestType.groovy:57)
</failure>

          <failure message="Undefined Step: And Grader and Professor should be notified" type="grails.plugin.cucumber.FakeAssertionFailedError">cucumber.runtime.UndefinedStepException: Undefined Step: And Grader and Professor should be notified
	at grails.plugin.cucumber.CucumberFormatter.resultUndefined(CucumberFormatter.groovy:242)
	at grails.plugin.cucumber.CucumberFormatter.result(CucumberFormatter.groovy:207)
	at cucumber.runtime.Runtime.runStep(Runtime.java:250)
	at cucumber.runtime.model.StepContainer.runStep(StepContainer.java:44)
	at cucumber.runtime.model.StepContainer.runSteps(StepContainer.java:39)
	at cucumber.runtime.model.CucumberScenario.run(CucumberScenario.java:36)
	at cucumber.runtime.model.CucumberFeature.run(CucumberFeature.java:112)
	at grails.plugin.cucumber.Cucumber$_run_closure2.doCall(Cucumber.groovy:58)
	at grails.plugin.cucumber.Cucumber.run(Cucumber.groovy:57)
	at grails.plugin.cucumber.CucumberTestType.runFeatures(CucumberTestType.groovy:102)
	at grails.plugin.cucumber.CucumberTestType.doRun(CucumberTestType.groovy:57)
</failure>

      </testcase>

      <testcase classname="grails.plugin.cucumber.CucumberTest" name="Discussion deadline met" time="0.005">
          <failure message="Undefined Step: Given Grading deadline is met" type="grails.plugin.cucumber.FakeAssertionFailedError">cucumber.runtime.UndefinedStepException: Undefined Step: Given Grading deadline is met
	at grails.plugin.cucumber.CucumberFormatter.resultUndefined(CucumberFormatter.groovy:242)
	at grails.plugin.cucumber.CucumberFormatter.result(CucumberFormatter.groovy:207)
	at cucumber.runtime.Runtime.runStep(Runtime.java:250)
	at cucumber.runtime.model.StepContainer.runStep(StepContainer.java:44)
	at cucumber.runtime.model.StepContainer.runSteps(StepContainer.java:39)
	at cucumber.runtime.model.CucumberScenario.run(CucumberScenario.java:36)
	at cucumber.runtime.model.CucumberFeature.run(CucumberFeature.java:112)
	at grails.plugin.cucumber.Cucumber$_run_closure2.doCall(Cucumber.groovy:58)
	at grails.plugin.cucumber.Cucumber.run(Cucumber.groovy:57)
	at grails.plugin.cucumber.CucumberTestType.runFeatures(CucumberTestType.groovy:102)
	at grails.plugin.cucumber.CucumberTestType.doRun(CucumberTestType.groovy:57)
</failure>

          <failure message="Undefined Step: When I ask for an average score of a particular code" type="grails.plugin.cucumber.FakeAssertionFailedError">cucumber.runtime.UndefinedStepException: Undefined Step: When I ask for an average score of a particular code
	at grails.plugin.cucumber.CucumberFormatter.resultUndefined(CucumberFormatter.groovy:242)
	at grails.plugin.cucumber.CucumberFormatter.result(CucumberFormatter.groovy:207)
	at cucumber.runtime.Runtime.runStep(Runtime.java:250)
	at cucumber.runtime.model.StepContainer.runStep(StepContainer.java:44)
	at cucumber.runtime.model.StepContainer.runSteps(StepContainer.java:39)
	at cucumber.runtime.model.CucumberScenario.run(CucumberScenario.java:36)
	at cucumber.runtime.model.CucumberFeature.run(CucumberFeature.java:112)
	at grails.plugin.cucumber.Cucumber$_run_closure2.doCall(Cucumber.groovy:58)
	at grails.plugin.cucumber.Cucumber.run(Cucumber.groovy:57)
	at grails.plugin.cucumber.CucumberTestType.runFeatures(CucumberTestType.groovy:102)
	at grails.plugin.cucumber.CucumberTestType.doRun(CucumberTestType.groovy:57)
</failure>

          <failure message="Undefined Step: Then Ponderate average is calculated" type="grails.plugin.cucumber.FakeAssertionFailedError">cucumber.runtime.UndefinedStepException: Undefined Step: Then Ponderate average is calculated
	at grails.plugin.cucumber.CucumberFormatter.resultUndefined(CucumberFormatter.groovy:242)
	at grails.plugin.cucumber.CucumberFormatter.result(CucumberFormatter.groovy:207)
	at cucumber.runtime.Runtime.runStep(Runtime.java:250)
	at cucumber.runtime.model.StepContainer.runStep(StepContainer.java:44)
	at cucumber.runtime.model.StepContainer.runSteps(StepContainer.java:39)
	at cucumber.runtime.model.CucumberScenario.run(CucumberScenario.java:36)
	at cucumber.runtime.model.CucumberFeature.run(CucumberFeature.java:112)
	at grails.plugin.cucumber.Cucumber$_run_closure2.doCall(Cucumber.groovy:58)
	at grails.plugin.cucumber.Cucumber.run(Cucumber.groovy:57)
	at grails.plugin.cucumber.CucumberTestType.runFeatures(CucumberTestType.groovy:102)
	at grails.plugin.cucumber.CucumberTestType.doRun(CucumberTestType.groovy:57)
</failure>

      </testcase>

      <testcase classname="grails.plugin.cucumber.CucumberTest" name="Ponderated average calculation" time="0.005">
          <failure message="Undefined Step: Given I click on &quot;total average&quot;" type="grails.plugin.cucumber.FakeAssertionFailedError">cucumber.runtime.UndefinedStepException: Undefined Step: Given I click on &quot;total average&quot;
	at grails.plugin.cucumber.CucumberFormatter.resultUndefined(CucumberFormatter.groovy:242)
	at grails.plugin.cucumber.CucumberFormatter.result(CucumberFormatter.groovy:207)
	at cucumber.runtime.Runtime.runStep(Runtime.java:250)
	at cucumber.runtime.model.StepContainer.runStep(StepContainer.java:44)
	at cucumber.runtime.model.StepContainer.runSteps(StepContainer.java:39)
	at cucumber.runtime.model.CucumberScenario.run(CucumberScenario.java:36)
	at cucumber.runtime.model.CucumberFeature.run(CucumberFeature.java:112)
	at grails.plugin.cucumber.Cucumber$_run_closure2.doCall(Cucumber.groovy:58)
	at grails.plugin.cucumber.Cucumber.run(Cucumber.groovy:57)
	at grails.plugin.cucumber.CucumberTestType.runFeatures(CucumberTestType.groovy:102)
	at grails.plugin.cucumber.CucumberTestType.doRun(CucumberTestType.groovy:57)
</failure>

          <failure message="Undefined Step: When &quot;grades by status&quot; were calculated" type="grails.plugin.cucumber.FakeAssertionFailedError">cucumber.runtime.UndefinedStepException: Undefined Step: When &quot;grades by status&quot; were calculated
	at grails.plugin.cucumber.CucumberFormatter.resultUndefined(CucumberFormatter.groovy:242)
	at grails.plugin.cucumber.CucumberFormatter.result(CucumberFormatter.groovy:207)
	at cucumber.runtime.Runtime.runStep(Runtime.java:250)
	at cucumber.runtime.model.StepContainer.runStep(StepContainer.java:44)
	at cucumber.runtime.model.StepContainer.runSteps(StepContainer.java:39)
	at cucumber.runtime.model.CucumberScenario.run(CucumberScenario.java:36)
	at cucumber.runtime.model.CucumberFeature.run(CucumberFeature.java:112)
	at grails.plugin.cucumber.Cucumber$_run_closure2.doCall(Cucumber.groovy:58)
	at grails.plugin.cucumber.Cucumber.run(Cucumber.groovy:57)
	at grails.plugin.cucumber.CucumberTestType.runFeatures(CucumberTestType.groovy:102)
	at grails.plugin.cucumber.CucumberTestType.doRun(CucumberTestType.groovy:57)
</failure>

          <failure message="Undefined Step: Then number of bugs found and  number of fixes should be ponderated too" type="grails.plugin.cucumber.FakeAssertionFailedError">cucumber.runtime.UndefinedStepException: Undefined Step: Then number of bugs found and  number of fixes should be ponderated too
	at grails.plugin.cucumber.CucumberFormatter.resultUndefined(CucumberFormatter.groovy:242)
	at grails.plugin.cucumber.CucumberFormatter.result(CucumberFormatter.groovy:207)
	at cucumber.runtime.Runtime.runStep(Runtime.java:250)
	at cucumber.runtime.model.StepContainer.runStep(StepContainer.java:44)
	at cucumber.runtime.model.StepContainer.runSteps(StepContainer.java:39)
	at cucumber.runtime.model.CucumberScenario.run(CucumberScenario.java:36)
	at cucumber.runtime.model.CucumberFeature.run(CucumberFeature.java:112)
	at grails.plugin.cucumber.Cucumber$_run_closure2.doCall(Cucumber.groovy:58)
	at grails.plugin.cucumber.Cucumber.run(Cucumber.groovy:57)
	at grails.plugin.cucumber.CucumberTestType.runFeatures(CucumberTestType.groovy:102)
	at grails.plugin.cucumber.CucumberTestType.doRun(CucumberTestType.groovy:57)
</failure>

      </testcase>

      <testcase classname="grails.plugin.cucumber.CucumberTest" name="project winner" time="0.006">
          <failure message="Undefined Step: Given All grades were calculated" type="grails.plugin.cucumber.FakeAssertionFailedError">cucumber.runtime.UndefinedStepException: Undefined Step: Given All grades were calculated
	at grails.plugin.cucumber.CucumberFormatter.resultUndefined(CucumberFormatter.groovy:242)
	at grails.plugin.cucumber.CucumberFormatter.result(CucumberFormatter.groovy:207)
	at cucumber.runtime.Runtime.runStep(Runtime.java:250)
	at cucumber.runtime.model.StepContainer.runStep(StepContainer.java:44)
	at cucumber.runtime.model.StepContainer.runSteps(StepContainer.java:39)
	at cucumber.runtime.model.CucumberScenario.run(CucumberScenario.java:36)
	at cucumber.runtime.model.CucumberFeature.run(CucumberFeature.java:112)
	at grails.plugin.cucumber.Cucumber$_run_closure2.doCall(Cucumber.groovy:58)
	at grails.plugin.cucumber.Cucumber.run(Cucumber.groovy:57)
	at grails.plugin.cucumber.CucumberTestType.runFeatures(CucumberTestType.groovy:102)
	at grails.plugin.cucumber.CucumberTestType.doRun(CucumberTestType.groovy:57)
</failure>

          <failure message="Undefined Step: When I asks for project top 3 students" type="grails.plugin.cucumber.FakeAssertionFailedError">cucumber.runtime.UndefinedStepException: Undefined Step: When I asks for project top 3 students
	at grails.plugin.cucumber.CucumberFormatter.resultUndefined(CucumberFormatter.groovy:242)
	at grails.plugin.cucumber.CucumberFormatter.result(CucumberFormatter.groovy:207)
	at cucumber.runtime.Runtime.runStep(Runtime.java:250)
	at cucumber.runtime.model.StepContainer.runStep(StepContainer.java:44)
	at cucumber.runtime.model.StepContainer.runSteps(StepContainer.java:39)
	at cucumber.runtime.model.CucumberScenario.run(CucumberScenario.java:36)
	at cucumber.runtime.model.CucumberFeature.run(CucumberFeature.java:112)
	at grails.plugin.cucumber.Cucumber$_run_closure2.doCall(Cucumber.groovy:58)
	at grails.plugin.cucumber.Cucumber.run(Cucumber.groovy:57)
	at grails.plugin.cucumber.CucumberTestType.runFeatures(CucumberTestType.groovy:102)
	at grails.plugin.cucumber.CucumberTestType.doRun(CucumberTestType.groovy:57)
</failure>

          <failure message="Undefined Step: Then &quot;Top 3&quot; should be exposed with gold, silver and bronze medals" type="grails.plugin.cucumber.FakeAssertionFailedError">cucumber.runtime.UndefinedStepException: Undefined Step: Then &quot;Top 3&quot; should be exposed with gold, silver and bronze medals
	at grails.plugin.cucumber.CucumberFormatter.resultUndefined(CucumberFormatter.groovy:242)
	at grails.plugin.cucumber.CucumberFormatter.result(CucumberFormatter.groovy:207)
	at cucumber.runtime.Runtime.runStep(Runtime.java:250)
	at cucumber.runtime.model.StepContainer.runStep(StepContainer.java:44)
	at cucumber.runtime.model.StepContainer.runSteps(StepContainer.java:39)
	at cucumber.runtime.model.CucumberScenario.run(CucumberScenario.java:36)
	at cucumber.runtime.model.CucumberFeature.run(CucumberFeature.java:112)
	at grails.plugin.cucumber.Cucumber$_run_closure2.doCall(Cucumber.groovy:58)
	at grails.plugin.cucumber.Cucumber.run(Cucumber.groovy:57)
	at grails.plugin.cucumber.CucumberTestType.runFeatures(CucumberTestType.groovy:102)
	at grails.plugin.cucumber.CucumberTestType.doRun(CucumberTestType.groovy:57)
</failure>

      </testcase>

      <testcase classname="grails.plugin.cucumber.CucumberTest" name="Project is closed" time="0.009">
          <failure message="Undefined Step: Given a &quot;winner&quot; was proclaimed" type="grails.plugin.cucumber.FakeAssertionFailedError">cucumber.runtime.UndefinedStepException: Undefined Step: Given a &quot;winner&quot; was proclaimed
	at grails.plugin.cucumber.CucumberFormatter.resultUndefined(CucumberFormatter.groovy:242)
	at grails.plugin.cucumber.CucumberFormatter.result(CucumberFormatter.groovy:207)
	at cucumber.runtime.Runtime.runStep(Runtime.java:250)
	at cucumber.runtime.model.StepContainer.runStep(StepContainer.java:44)
	at cucumber.runtime.model.StepContainer.runSteps(StepContainer.java:39)
	at cucumber.runtime.model.CucumberScenario.run(CucumberScenario.java:36)
	at cucumber.runtime.model.CucumberFeature.run(CucumberFeature.java:112)
	at grails.plugin.cucumber.Cucumber$_run_closure2.doCall(Cucumber.groovy:58)
	at grails.plugin.cucumber.Cucumber.run(Cucumber.groovy:57)
	at grails.plugin.cucumber.CucumberTestType.runFeatures(CucumberTestType.groovy:102)
	at grails.plugin.cucumber.CucumberTestType.doRun(CucumberTestType.groovy:57)
</failure>

          <failure message="Undefined Step: When a new project has started or course completed" type="grails.plugin.cucumber.FakeAssertionFailedError">cucumber.runtime.UndefinedStepException: Undefined Step: When a new project has started or course completed
	at grails.plugin.cucumber.CucumberFormatter.resultUndefined(CucumberFormatter.groovy:242)
	at grails.plugin.cucumber.CucumberFormatter.result(CucumberFormatter.groovy:207)
	at cucumber.runtime.Runtime.runStep(Runtime.java:250)
	at cucumber.runtime.model.StepContainer.runStep(StepContainer.java:44)
	at cucumber.runtime.model.StepContainer.runSteps(StepContainer.java:39)
	at cucumber.runtime.model.CucumberScenario.run(CucumberScenario.java:36)
	at cucumber.runtime.model.CucumberFeature.run(CucumberFeature.java:112)
	at grails.plugin.cucumber.Cucumber$_run_closure2.doCall(Cucumber.groovy:58)
	at grails.plugin.cucumber.Cucumber.run(Cucumber.groovy:57)
	at grails.plugin.cucumber.CucumberTestType.runFeatures(CucumberTestType.groovy:102)
	at grails.plugin.cucumber.CucumberTestType.doRun(CucumberTestType.groovy:57)
</failure>

          <failure message="Undefined Step: Then &quot;comments&quot; on previous code is enabled" type="grails.plugin.cucumber.FakeAssertionFailedError">cucumber.runtime.UndefinedStepException: Undefined Step: Then &quot;comments&quot; on previous code is enabled
	at grails.plugin.cucumber.CucumberFormatter.resultUndefined(CucumberFormatter.groovy:242)
	at grails.plugin.cucumber.CucumberFormatter.result(CucumberFormatter.groovy:207)
	at cucumber.runtime.Runtime.runStep(Runtime.java:250)
	at cucumber.runtime.model.StepContainer.runStep(StepContainer.java:44)
	at cucumber.runtime.model.StepContainer.runSteps(StepContainer.java:39)
	at cucumber.runtime.model.CucumberScenario.run(CucumberScenario.java:36)
	at cucumber.runtime.model.CucumberFeature.run(CucumberFeature.java:112)
	at grails.plugin.cucumber.Cucumber$_run_closure2.doCall(Cucumber.groovy:58)
	at grails.plugin.cucumber.Cucumber.run(Cucumber.groovy:57)
	at grails.plugin.cucumber.CucumberTestType.runFeatures(CucumberTestType.groovy:102)
	at grails.plugin.cucumber.CucumberTestType.doRun(CucumberTestType.groovy:57)
</failure>

          <failure message="Undefined Step: And code editing is disabled" type="grails.plugin.cucumber.FakeAssertionFailedError">cucumber.runtime.UndefinedStepException: Undefined Step: And code editing is disabled
	at grails.plugin.cucumber.CucumberFormatter.resultUndefined(CucumberFormatter.groovy:242)
	at grails.plugin.cucumber.CucumberFormatter.result(CucumberFormatter.groovy:207)
	at cucumber.runtime.Runtime.runStep(Runtime.java:250)
	at cucumber.runtime.model.StepContainer.runStep(StepContainer.java:44)
	at cucumber.runtime.model.StepContainer.runSteps(StepContainer.java:39)
	at cucumber.runtime.model.CucumberScenario.run(CucumberScenario.java:36)
	at cucumber.runtime.model.CucumberFeature.run(CucumberFeature.java:112)
	at grails.plugin.cucumber.Cucumber$_run_closure2.doCall(Cucumber.groovy:58)
	at grails.plugin.cucumber.Cucumber.run(Cucumber.groovy:57)
	at grails.plugin.cucumber.CucumberTestType.runFeatures(CucumberTestType.groovy:102)
	at grails.plugin.cucumber.CucumberTestType.doRun(CucumberTestType.groovy:57)
</failure>

      </testcase>

      <system-out><![CDATA[Feature: grade student
  As a Professor
  I want to grade students based on submited code
  So that I can determine who's this week "winner"

--Output from Submited code is still private--
  #Acceptance Criteria: (presented as Scenarios)
  Scenario: Submited code is still private          # ProfessorGradesStudents.feature:8
    Given I'm in my home page
    And the class project already started
    When Students submit code
    Then Only me and my assistants can see the code

--Output from --
  Scenario:                                                           # ProfessorGradesStudents.feature:14
    Given Only I can see everyones code
    And Student already started the project
    When Students flags it as finished
    Then a message should arrive to me and my assistants updates page
    And a proposed grade based on finishing time should be presented

--Output from Studen flags code as finished--
  Scenario: Studen flags code as finished                    # ProfessorGradesStudents.feature:22
    Given Deadline not met yet
    And Code is still private
    When Me and my assistants recieve a notification message
    Then A link should lead me to the submited code page
    And A grading field based on quality should be enabled.

--Output from Estipulated deadline met--
  Scenario: Estipulated deadline met                  # ProfessorGradesStudents.feature:29
    Given not all the students finished their project
    When deadline hour for this project arrives
    Then all projects get closed
    And no other submition is allowed

--Output from First stage completed--
  Scenario: First stage completed                   # ProfessorGradesStudents.feature:35
    Given Deadline was met
    When Projects get closed for submitions
    Then all projects became public for peer review

--Output from Peer Review enabled--
  Scenario: Peer Review enabled                                       # ProfessorGradesStudents.feature:40
    Given Every student can see its classmates code
    When one students grades somebody else's code
    Then ponderated grade is calculated based on the grader category.

--Output from Peer grade submitted--
  #Contribution on open questions, comments made graded positive (more on this later), grader average score, etc.
  #TODO obliged peer grading
  Scenario: Peer grade submitted                          # ProfessorGradesStudents.feature:48
    Given Student graded peer's code
    When grade is ready to be public
    Then grader can add comments in Justification textBox

--Output from Peer graded Peer--
  Scenario: Peer graded Peer                      # ProfessorGradesStudents.feature:53
    Given A peer grade was made public
    When the submitter confirms it
    Then Justification may be asked by code owner
    And Grader and Professor should be notified

--Output from Discussion deadline met--
  Scenario: Discussion deadline met                      # ProfessorGradesStudents.feature:59
    Given Grading deadline is met
    When I ask for an average score of a particular code
    Then Ponderate average is calculated

--Output from Ponderated average calculation--
  Scenario: Ponderated average calculation                                  # ProfessorGradesStudents.feature:64
    Given I click on "total average"
    When "grades by status" were calculated
    Then number of bugs found and  number of fixes should be ponderated too

--Output from project winner--
  Scenario: project winner                                             # ProfessorGradesStudents.feature:69
    Given All grades were calculated
    When I asks for project top 3 students
    Then "Top 3" should be exposed with gold, silver and bronze medals

--Output from Project is closed--
  Scenario: Project is closed                          # ProfessorGradesStudents.feature:74
    Given a "winner" was proclaimed
    When a new project has started or course completed
    Then "comments" on previous code is enabled
    And code editing is disabled
]]></system-out>

      <system-err><![CDATA[
--Output from Submited code is still private--
--Output from --
--Output from Studen flags code as finished--
--Output from Estipulated deadline met--
--Output from First stage completed--
--Output from Peer Review enabled--
--Output from Peer grade submitted--
--Output from Peer graded Peer--
--Output from Discussion deadline met--
--Output from Ponderated average calculation--
--Output from project winner--
--Output from Project is closed--]]></system-err>

  </testsuite>
</testsuites>
